/*C12*/SET SCHEMA PUBLIC
CREATE TABLE IF NOT EXISTS joker_plugin_config (uuid varchar(128),comment varchar(128),endpoint varchar(128),data LONGVARCHAR,update_time datetime,create_time datetime)
DELETE FROM JOKER_PLUGIN_CONFIG WHERE UUID='d733a976-0df6-4526-9430-e19bce3f458c' AND COMMENT='sd' AND ENDPOINT='cs' AND DATA='{}' AND UPDATE_TIME='2018-05-27 21:42:45.000000' AND CREATE_TIME='2018-05-27 21:42:45.000000'
COMMIT
DELETE FROM JOKER_PLUGIN_CONFIG WHERE UUID='af5f9445-f962-4625-94aa-5c66f8c1740a' AND COMMENT='er' AND ENDPOINT='dsf' AND DATA='{}' AND UPDATE_TIME='2018-05-27 21:43:25.000000' AND CREATE_TIME='2018-05-27 21:43:25.000000'
COMMIT
DELETE FROM JOKER_PLUGIN_CONFIG WHERE UUID='be00bcd9-3368-4385-b877-711bbe6b60a5' AND COMMENT='er' AND ENDPOINT='dsf' AND DATA='{}' AND UPDATE_TIME='2018-05-27 21:43:49.000000' AND CREATE_TIME='2018-05-27 21:43:49.000000'
COMMIT
DELETE FROM JOKER_PLUGIN_CONFIG WHERE UUID='0fe0cedb-2fe5-414a-afd4-ede556f28b77' AND COMMENT='er' AND ENDPOINT='dsf' AND DATA='{}' AND UPDATE_TIME='2018-05-27 21:45:08.000000' AND CREATE_TIME='2018-05-27 21:45:08.000000'
COMMIT
DELETE FROM JOKER_PLUGIN_CONFIG WHERE UUID='ea9490c4-b585-4cce-9b43-b677d4e3f908' AND COMMENT='er' AND ENDPOINT='dsf' AND DATA='{}' AND UPDATE_TIME='2018-05-27 21:46:18.000000' AND CREATE_TIME='2018-05-27 21:46:18.000000'
COMMIT
DELETE FROM JOKER_PLUGIN_CONFIG WHERE UUID='ca62e245-6b77-412e-8504-13fb4962fddc' AND COMMENT='er' AND ENDPOINT='dsf' AND DATA='{}' AND UPDATE_TIME='2018-05-27 21:46:56.000000' AND CREATE_TIME='2018-05-27 21:46:56.000000'
COMMIT
INSERT INTO JOKER_PLUGIN_CONFIG VALUES('a85fde4a-3fe4-4f96-8bac-fcb2d653ae67','\u6d4b\u8bd5\u670d\u52a11','service1','{    "http.port" : 9010,    "app.name" : "service001"  }','2018-05-27 22:36:54.000000','2018-05-27 22:36:54.000000')
COMMIT
INSERT INTO JOKER_PLUGIN_CONFIG VALUES('ea4f5e8d-d5d1-4561-8276-6f11ac73a924','\u6d4b\u8bd5\u670d\u52a12','service2','{    "http.port" : 9011,    "app.name" : "service002"  }','2018-05-27 22:37:21.000000','2018-05-27 22:37:21.000000')
COMMIT
INSERT INTO JOKER_PLUGIN_CONFIG VALUES('30859162-7276-4843-9baa-b51a62398113','\u7528\u6237\u6a21\u5757','user','{    "http.port" : 9012,    "app.name" : "user"  }','2018-05-27 22:37:46.000000','2018-05-27 22:37:46.000000')
COMMIT
INSERT INTO JOKER_PLUGIN_CONFIG VALUES('30d948cf-0632-4fbb-ba54-4d1d2f3bd62b','\u4efb\u52a1\u6a21\u5757','job','{    "http.port" : 9013,    "app.name" : "job001"  }','2018-05-27 22:38:13.000000','2018-05-27 22:38:13.000000')
COMMIT
INSERT INTO JOKER_PLUGIN_CONFIG VALUES('86eb9391-3797-4406-9a06-1a1e36f3be3a','\u7f51\u5173\u6a21\u5757','s_gateway','{    "http.port" : 8088  }','2018-05-27 22:38:45.000000','2018-05-27 22:38:45.000000')
COMMIT
INSERT INTO JOKER_PLUGIN_CONFIG VALUES('e4cb00a8-8749-4f00-9dc1-a3a1fddac533','mysql\u6570\u636e\u5e93\u914d\u7f6e1','mysql1','{    "url" : "jdbc:mysql://localhost/jtest002?characterEncoding=UTF-8','2018-05-27 22:39:45.000000','2018-05-27 22:39:45.000000')
COMMIT
/*C11*/SET SCHEMA PUBLIC
DISCONNECT
/*C13*/SET SCHEMA PUBLIC
DISCONNECT
/*C12*/DISCONNECT
